
/home/runner/work/exp-inverted-differential-manometer-iitb/exp-inverted-differential-manometer-iitb/experiment/simulation/common_libraries/js/ts_components/collapse_step.js
   1:10  warning  'show_step' is defined but never used                 no-unused-vars
   2:5   warning  '$' is not defined                                    no-undef
   3:9   warning  '$' is not defined                                    no-undef
   6:10  warning  'hide_step' is defined but never used                 no-unused-vars
   7:5   warning  '$' is not defined                                    no-undef
   8:9   warning  '$' is not defined                                    no-undef
  11:10  warning  'get_collapse_btn_text' is defined but never used     no-unused-vars
  20:10  warning  'get_collapse_btn_element' is defined but never used  no-unused-vars
  29:10  warning  'hide_all_steps' is defined but never used            no-unused-vars
  31:9   warning  '$' is not defined                                    no-undef

/home/runner/work/exp-inverted-differential-manometer-iitb/exp-inverted-differential-manometer-iitb/experiment/simulation/common_libraries/js/ts_components/matrix.js
   27:26  warning  'MathJax' is not defined                                no-undef
   32:7   warning  'Matrix_Without_String' is defined but never used       no-unused-vars
   52:26  warning  'MathJax' is not defined                                no-undef
   56:10  warning  'get_matrix_html' is defined but never used             no-unused-vars
   87:13  warning  'row_html' is assigned a value but never used           no-unused-vars
   99:10  warning  'get_matrix_html_with_title' is defined but never used  no-unused-vars
  131:13  warning  'row_html' is assigned a value but never used           no-unused-vars
  143:10  warning  'convert_2d_to_1d_vector' is defined but never used     no-unused-vars
  156:10  warning  'convert_1d_to_2d_matrix' is defined but never used     no-unused-vars

/home/runner/work/exp-inverted-differential-manometer-iitb/exp-inverted-differential-manometer-iitb/experiment/simulation/common_libraries/js/ts_components/pannel.js
  8:7  warning  'Pannel' is defined but never used  no-unused-vars

/home/runner/work/exp-inverted-differential-manometer-iitb/exp-inverted-differential-manometer-iitb/experiment/simulation/common_libraries/js/ts_components/questions.js
   6:17  warning  'op1' is assigned a value but never used      no-unused-vars
   7:17  warning  'op2' is assigned a value but never used      no-unused-vars
   8:17  warning  'op3' is assigned a value but never used      no-unused-vars
   9:17  warning  'op4' is assigned a value but never used      no-unused-vars
  94:7   warning  'Question_Options' is defined but never used  no-unused-vars

/home/runner/work/exp-inverted-differential-manometer-iitb/exp-inverted-differential-manometer-iitb/experiment/simulation/common_libraries/js/ts_components/tables.js
   19:22  warning  'verify_values' is not defined                                     no-undef
  137:22  warning  'verify_values' is not defined                                     no-undef
  260:7   warning  'Verify_Rows_Cols_6_decimal_places' is defined but never used      no-unused-vars
  311:22  warning  'verify_values' is not defined                                     no-undef
  416:7   warning  'Verify_Rows_Cols_Custom_Fixed_Update1' is defined but never used  no-unused-vars
  468:7   warning  'Show_Table_Custom_Fixed' is defined but never used                no-unused-vars
  506:7   warning  'Verify_Rows_Cols_Strings' is defined but never used               no-unused-vars
  527:22  warning  'verify_values' is not defined                                     no-undef
  663:7   warning  'Display_Table' is defined but never used                          no-unused-vars

/home/runner/work/exp-inverted-differential-manometer-iitb/exp-inverted-differential-manometer-iitb/experiment/simulation/common_libraries/js/ts_math_library/general_math_functions.js
    1:10  warning  'verify_values' is defined but never used                   no-unused-vars
   17:10  warning  'random1' is defined but never used                         no-unused-vars
   21:10  warning  'std_deviation' is defined but never used                   no-unused-vars
   26:10  warning  'gauss' is defined but never used                           no-unused-vars
   56:10  warning  'hide_panel' is defined but never used                      no-unused-vars
   63:10  warning  'inverse_matrix' is defined but never used                  no-unused-vars
   96:10  warning  'matrix_multiplication' is defined but never used           no-unused-vars
  113:10  warning  'transpose_matrix' is defined but never used                no-unused-vars
  123:10  warning  'matrix_multiplication_8decimal' is defined but never used  no-unused-vars
  140:10  warning  'adjoint_2x2_matrix' is defined but never used              no-unused-vars
  145:10  warning  'find_deteminant' is defined but never used                 no-unused-vars
  174:10  warning  'get_Submatrix' is defined but never used                   no-unused-vars

/home/runner/work/exp-inverted-differential-manometer-iitb/exp-inverted-differential-manometer-iitb/experiment/simulation/common_libraries/js/ts_math_library/regression.js
   1:10  warning  'regression_linear' is defined but never used            no-unused-vars
  18:10  warning  'regression_linear_1variable' is defined but never used  no-unused-vars
  27:10  warning  'regression_linear_2variable' is defined but never used  no-unused-vars
  52:11  warning  'gauss' is not defined                                   no-undef

/home/runner/work/exp-inverted-differential-manometer-iitb/exp-inverted-differential-manometer-iitb/experiment/simulation/common_libraries/math.ob.js
  1:745  warning  'b' is already defined  no-redeclare

/home/runner/work/exp-inverted-differential-manometer-iitb/exp-inverted-differential-manometer-iitb/experiment/simulation/js/activity1.js
  18:24   warning  'MathJax' is not defined                     no-undef
  21:10   warning  'start_act1' is defined but never used       no-unused-vars
  27:20   warning  'get_collapse_btn_text' is not defined       no-undef
  34:83   warning  'h1' is not defined                          no-undef
  37:83   warning  'h2' is not defined                          no-undef
  40:83   warning  'hm' is not defined                          no-undef
  51:5    warning  'hide_all_steps' is not defined              no-undef
  52:5    warning  'show_step' is not defined                   no-undef
  53:24   warning  'MathJax' is not defined                     no-undef
  56:5    warning  'hm' is not defined                          no-undef
  57:5    warning  'h1' is not defined                          no-undef
  58:5    warning  'h2' is not defined                          no-undef
  59:25   warning  'h1' is not defined                          no-undef
  60:25   warning  'h2' is not defined                          no-undef
  61:25   warning  'hm' is not defined                          no-undef
  62:5    warning  'pressure' is not defined                    no-undef
  62:18   warning  'specific_gravity_1' is not defined          no-undef
  62:47   warning  'gravity' is not defined                     no-undef
  62:58   warning  'h1' is not defined                          no-undef
  62:73   warning  'specific_gravity_2' is not defined          no-undef
  62:102  warning  'gravity' is not defined                     no-undef
  62:113  warning  'h2' is not defined                          no-undef
  62:128  warning  'specific_gravity_3' is not defined          no-undef
  62:157  warning  'gravity' is not defined                     no-undef
  62:168  warning  'hm' is not defined                          no-undef
  63:31   warning  'pressure' is not defined                    no-undef
  64:5    warning  'act2_pressure' is not defined               no-undef
  64:23   warning  'specific_gravity_1' is not defined          no-undef
  64:52   warning  'gravity' is not defined                     no-undef
  64:63   warning  'h1' is not defined                          no-undef
  64:78   warning  'specific_gravity_1' is not defined          no-undef
  64:107  warning  'gravity' is not defined                     no-undef
  64:118  warning  'h2' is not defined                          no-undef
  64:133  warning  'specific_gravity_3' is not defined          no-undef
  64:162  warning  'gravity' is not defined                     no-undef
  64:173  warning  'hm' is not defined                          no-undef
  65:36   warning  'act2_pressure' is not defined               no-undef
  67:10   warning  'verify_pressure' is defined but never used  no-unused-vars
  71:35   warning  'pressure' is not defined                    no-undef
  72:10   warning  'verify_values' is not defined               no-undef
  72:90   warning  'pressure' is not defined                    no-undef
  77:35   warning  'pressure' is not defined                    no-undef
  82:5    warning  'start_act2' is not defined                  no-undef

/home/runner/work/exp-inverted-differential-manometer-iitb/exp-inverted-differential-manometer-iitb/experiment/simulation/js/activity2.js
   1:10  warning  'start_act2' is defined but never used            no-unused-vars
   6:20  warning  'get_collapse_btn_text' is not defined            no-undef
  13:83  warning  'h1' is not defined                               no-undef
  16:83  warning  'h2' is not defined                               no-undef
  19:83  warning  'hm' is not defined                               no-undef
  31:5   warning  'maindiv' is not defined                          no-undef
  32:5   warning  'hide_all_steps' is not defined                   no-undef
  33:5   warning  'show_step' is not defined                        no-undef
  34:24  warning  'MathJax' is not defined                          no-undef
  36:10  warning  'act2_verify_pressure' is defined but never used  no-unused-vars
  40:35  warning  'act2_pressure' is not defined                    no-undef
  41:10  warning  'verify_values' is not defined                    no-undef
  41:95  warning  'act2_pressure' is not defined                    no-undef
  46:35  warning  'act2_pressure' is not defined                    no-undef

/home/runner/work/exp-inverted-differential-manometer-iitb/exp-inverted-differential-manometer-iitb/experiment/simulation/js/data.js
  1:5  warning  'specific_gravity_1' is assigned a value but never used  no-unused-vars
  2:5  warning  'specific_gravity_2' is assigned a value but never used  no-unused-vars
  3:5  warning  'specific_gravity_3' is assigned a value but never used  no-unused-vars
  4:5  warning  'gravity' is assigned a value but never used             no-unused-vars
  5:5  warning  'h1' is assigned a value but never used                  no-unused-vars
  6:5  warning  'h2' is assigned a value but never used                  no-unused-vars
  7:5  warning  'hm' is assigned a value but never used                  no-unused-vars
  8:5  warning  'pressure' is assigned a value but never used            no-unused-vars
  9:5  warning  'act2_pressure' is assigned a value but never used       no-unused-vars

✖ 117 problems (0 errors, 117 warnings)

